<?xml version="1.0" encoding="UTF-8"?>
<!-- Generated by org.testng.reporters.JUnitXMLReporter -->
<testsuite ignored="4" hostname="LAPTOP-ESV98QB7" failures="0" tests="2" name="SmokeTest" time="10.88" errors="0" timestamp="2026-09-15T05:38:11 IST">
  <testcase classname="Smoke_Regression_Group_Parellel.AddProdToCartTest" name="AddProdToCart" time="1.351"/>
  <testcase classname="Smoke_Regression_Group_Parellel.HandlingDropDownLowProdTest" name="HandlingDropDownLowProd" time="0.814"/>
  <testcase classname="SuiteBaseTest.BaseClass" name="@BeforeSuite beforeSuite" time="0.0">
    <ignored/>
  </testcase> <!-- @BeforeSuite beforeSuite -->
  <testcase classname="SuiteBaseTest.BaseClass" name="@AfterSuite afterSuite" time="0.0">
    <ignored/>
  </testcase> <!-- @AfterSuite afterSuite -->
  <testcase classname="SuiteBaseTest.BaseClass" name="@BeforeTest beforeTest" time="0.0">
    <ignored/>
  </testcase> <!-- @BeforeTest beforeTest -->
  <testcase classname="SuiteBaseTest.BaseClass" name="@AfterTest afterTest" time="0.0">
    <ignored/>
  </testcase> <!-- @AfterTest afterTest -->
</testsuite> <!-- SmokeTest -->
