<?xml version="1.0" encoding="UTF-8"?>
<!-- Generated by org.testng.reporters.JUnitXMLReporter -->
<testsuite ignored="4" hostname="LAPTOP-ESV98QB7" failures="0" tests="2" name="Test" time="5.693" errors="0" timestamp="2026-09-04T22:37:07 IST">
  <testcase classname="Parameters.AddProdToCartTest" name="AddProdToCart" time="0.435"/>
  <testcase classname="Parameters.HandlingDropDownLowProdTest" name="HandlingDropDownLowProd" time="0.224"/>
  <testcase classname="ParaMetereBaseTest.BaseClass" name="@BeforeTest beforetest" time="0.0">
    <ignored/>
  </testcase> <!-- @BeforeTest beforetest -->
  <testcase classname="ParaMetereBaseTest.BaseClass" name="@AfterTest afterTest" time="0.0">
    <ignored/>
  </testcase> <!-- @AfterTest afterTest -->
  <testcase classname="ParaMetereBaseTest.BaseClass" name="@BeforeSuite beforeSuite" time="0.0">
    <ignored/>
  </testcase> <!-- @BeforeSuite beforeSuite -->
  <testcase classname="ParaMetereBaseTest.BaseClass" name="@AfterSuite afterSuite" time="0.0">
    <ignored/>
  </testcase> <!-- @AfterSuite afterSuite -->
</testsuite> <!-- Test -->
