<?xml version="1.0" encoding="UTF-8"?>
<!-- Generated by org.testng.reporters.JUnitXMLReporter -->
<testsuite ignored="9" hostname="LAPTOP-ESV98QB7" failures="2" tests="8" name="SouceDemoTest" time="12.408" errors="0" timestamp="2026-09-10T08:43:45 IST">
  <testcase classname="ExtentReports.MultipleProductsAddToCartTest" name="MultipleProductsAddToCart" time="0.255">
    <failure type="java.lang.AssertionError" message="expected [5] but found [3]">
      <![CDATA[java.lang.AssertionError: expected [5] but found [3]
at ExtentReports.MultipleProductsAddToCartTest.MultipleProductsAddToCart(MultipleProductsAddToCartTest.java:23)
at java.base/java.util.ArrayList.forEach(ArrayList.java:1596)
... Removed 32 stack frames]]>
    </failure>
  </testcase> <!-- MultipleProductsAddToCart -->
  <testcase classname="ExtentReports.MultipleProductsAddToCartTest" name="skippedtest" time="0.001">
    <skipped/>
  </testcase> <!-- skippedtest -->
  <testcase classname="ExtentReports.AddProdToCartTest" name="AddProdToCart" time="0.158">
    <failure type="java.lang.AssertionError" message="expected [Wrong Product ] but found [Sauce Labs Fleece Jacket]">
      <![CDATA[java.lang.AssertionError: expected [Wrong Product ] but found [Sauce Labs Fleece Jacket]
at ExtentReports.AddProdToCartTest.AddProdToCart(AddProdToCartTest.java:24)
at java.base/java.util.ArrayList.forEach(ArrayList.java:1596)
... Removed 31 stack frames]]>
    </failure>
  </testcase> <!-- AddProdToCart -->
  <testcase classname="ExtentReports.AddProdToCartTest" name="skippedtest" time="0.002">
    <skipped/>
  </testcase> <!-- skippedtest -->
  <testcase classname="ExtentReports.HandlingDropdownZtoATest" name="HandlingDropdownZtoA" time="0.287"/>
  <testcase classname="ExtentReports.HandlingDropdownZtoATest" name="skippedtest" time="0.001">
    <skipped/>
  </testcase> <!-- skippedtest -->
  <testcase classname="ExtentReports.HandlingDropDownLowProdTest" name="HandlingDropDownLowProd" time="0.233"/>
  <testcase classname="ExtentReports.HandlingDropDownLowProdTest" name="skippeTest" time="0.003">
    <skipped/>
  </testcase> <!-- skippeTest -->
  <testcase classname="ListenerTest.BaseCLass2" name="@AfterSuite aftersuite" time="0.0">
    <ignored/>
  </testcase> <!-- @AfterSuite aftersuite -->
  <testcase classname="ListenerTest.BaseCLass2" name="@BeforeTest beforetest" time="0.0">
    <ignored/>
  </testcase> <!-- @BeforeTest beforetest -->
  <testcase classname="ListenerTest.BaseCLass2" name="@BeforeSuite beforsuite" time="0.0">
    <ignored/>
  </testcase> <!-- @BeforeSuite beforsuite -->
  <testcase classname="ListenerTest.BaseCLass2" name="@BeforeSuite beforsuite" time="0.0">
    <ignored/>
  </testcase> <!-- @BeforeSuite beforsuite -->
  <testcase classname="ListenerTest.BaseCLass2" name="@BeforeTest beforetest" time="0.0">
    <ignored/>
  </testcase> <!-- @BeforeTest beforetest -->
  <testcase classname="ListenerTest.BaseCLass2" name="@BeforeSuite beforsuite" time="0.0">
    <ignored/>
  </testcase> <!-- @BeforeSuite beforsuite -->
  <testcase classname="ListenerTest.BaseCLass2" name="@BeforeTest beforetest" time="0.0">
    <ignored/>
  </testcase> <!-- @BeforeTest beforetest -->
  <testcase classname="ListenerTest.BaseCLass2" name="@AfterSuite aftersuite" time="0.0">
    <ignored/>
  </testcase> <!-- @AfterSuite aftersuite -->
  <testcase classname="ListenerTest.BaseCLass2" name="@AfterSuite aftersuite" time="0.0">
    <ignored/>
  </testcase> <!-- @AfterSuite aftersuite -->
</testsuite> <!-- SouceDemoTest -->
