<?xml version="1.0" encoding="UTF-8"?>
<!-- Generated by org.testng.reporters.JUnitXMLReporter -->
<testsuite ignored="4" hostname="LAPTOP-ESV98QB7" failures="0" tests="2" name="EdgeTest" time="7.75" errors="0" timestamp="2026-09-05T13:31:00 IST">
  <testcase classname="Parameters_CrossBrowserTesting.AddProdToCartTest" name="AddProdToCart" time="1.102"/>
  <testcase classname="Parameters_CrossBrowserTesting.HandlingDropDownLowProdTest" name="HandlingDropDownLowProd" time="0.359"/>
  <testcase classname="ParaMetereBaseTest.BaseClass" name="@BeforeTest beforetest" time="0.0">
    <ignored/>
  </testcase> <!-- @BeforeTest beforetest -->
  <testcase classname="ParaMetereBaseTest.BaseClass" name="@AfterTest afterTest" time="0.0">
    <ignored/>
  </testcase> <!-- @AfterTest afterTest -->
  <testcase classname="ParaMetereBaseTest.BaseClass" name="@BeforeSuite beforeSuite" time="0.0">
    <ignored/>
  </testcase> <!-- @BeforeSuite beforeSuite -->
  <testcase classname="ParaMetereBaseTest.BaseClass" name="@AfterSuite afterSuite" time="0.0">
    <ignored/>
  </testcase> <!-- @AfterSuite afterSuite -->
</testsuite> <!-- EdgeTest -->
