<?xml version="1.0" encoding="UTF-8"?>
<!-- Generated by org.testng.reporters.JUnitXMLReporter -->
<testsuite ignored="4" hostname="LAPTOP-ESV98QB7" failures="2" tests="2" name="FireFoxTest" time="12.437" errors="0" timestamp="2026-09-05T13:31:12 IST">
  <testcase classname="Parameters_CrossBrowserTesting.HandlingDropdownZtoATest" name="HandlingDropdownZtoA" time="0.254">
    <failure type="java.lang.IllegalArgumentException" message="Driver must be set">
      <![CDATA[java.lang.IllegalArgumentException: Driver must be set
at org.openqa.selenium.internal.Require.nonNull(Require.java:68)
at org.openqa.selenium.interactions.Actions.<init>(Actions.java:65)
at org.openqa.selenium.interactions.Actions.<init>(Actions.java:61)
at GenericUtility.SeleniumUtility.actionClick(SeleniumUtility.java:74)
at Parameters_CrossBrowserTesting.HandlingDropdownZtoATest.HandlingDropdownZtoA(HandlingDropdownZtoATest.java:21)
at java.base/java.util.ArrayList.forEach(ArrayList.java:1596)
... Removed 25 stack frames]]>
    </failure>
  </testcase> <!-- HandlingDropdownZtoA -->
  <testcase classname="Parameters_CrossBrowserTesting.MultipleProductsAddToCartTest" name="MultipleProductsAddToCart" time="0.008">
    <failure type="java.lang.IllegalArgumentException" message="Driver must be set">
      <![CDATA[java.lang.IllegalArgumentException: Driver must be set
at org.openqa.selenium.internal.Require.nonNull(Require.java:68)
at org.openqa.selenium.interactions.Actions.<init>(Actions.java:65)
at org.openqa.selenium.interactions.Actions.<init>(Actions.java:61)
at GenericUtility.SeleniumUtility.actionClick(SeleniumUtility.java:74)
at Parameters_CrossBrowserTesting.MultipleProductsAddToCartTest.MultipleProductsAddToCart(MultipleProductsAddToCartTest.java:12)
at java.base/java.util.ArrayList.forEach(ArrayList.java:1596)
... Removed 25 stack frames]]>
    </failure>
  </testcase> <!-- MultipleProductsAddToCart -->
  <testcase classname="ParaMetereBaseTest.BaseClass" name="@BeforeTest beforetest" time="0.0">
    <ignored/>
  </testcase> <!-- @BeforeTest beforetest -->
  <testcase classname="ParaMetereBaseTest.BaseClass" name="@AfterSuite afterSuite" time="0.0">
    <ignored/>
  </testcase> <!-- @AfterSuite afterSuite -->
  <testcase classname="ParaMetereBaseTest.BaseClass" name="@AfterTest afterTest" time="0.0">
    <ignored/>
  </testcase> <!-- @AfterTest afterTest -->
  <testcase classname="ParaMetereBaseTest.BaseClass" name="@BeforeSuite beforeSuite" time="0.0">
    <ignored/>
  </testcase> <!-- @BeforeSuite beforeSuite -->
</testsuite> <!-- FireFoxTest -->
