<?xml version="1.0" encoding="UTF-8"?>
<!-- Generated by org.testng.reporters.JUnitXMLReporter -->
<testsuite ignored="0" hostname="LAPTOP-ESV98QB7" failures="5" tests="5" name="smokeregressiongroupTest" time="0.675" errors="0" timestamp="2026-09-01T11:51:24 IST">
  <testcase classname="GroupSuite.AddProdToCartTest" name="AddProdToCart" time="0.59">
    <failure type="java.lang.NullPointerException" message="Cannot invoke &amp;quot;org.openqa.selenium.WebDriver.findElement(org.openqa.selenium.By)&amp;quot; because &amp;quot;this.driver&amp;quot; is null">
      <![CDATA[java.lang.NullPointerException: Cannot invoke "org.openqa.selenium.WebDriver.findElement(org.openqa.selenium.By)" because "this.driver" is null
at GroupSuite.AddProdToCartTest.AddProdToCart(AddProdToCartTest.java:17)
at java.base/java.util.ArrayList.forEach(ArrayList.java:1596)
... Removed 25 stack frames]]>
    </failure>
  </testcase> <!-- AddProdToCart -->
  <testcase classname="GroupSuite.HandlingDropDownLowProdTest" name="HandlingDropDownLowProd" time="0.003">
    <failure type="java.lang.NullPointerException" message="Cannot invoke &amp;quot;org.openqa.selenium.WebDriver.findElement(org.openqa.selenium.By)&amp;quot; because &amp;quot;this.driver&amp;quot; is null">
      <![CDATA[java.lang.NullPointerException: Cannot invoke "org.openqa.selenium.WebDriver.findElement(org.openqa.selenium.By)" because "this.driver" is null
at GroupSuite.HandlingDropDownLowProdTest.HandlingDropDownLowProd(HandlingDropDownLowProdTest.java:16)
at java.base/java.util.ArrayList.forEach(ArrayList.java:1596)
... Removed 25 stack frames]]>
    </failure>
  </testcase> <!-- HandlingDropDownLowProd -->
  <testcase classname="GroupSuite.HandlingDropdownZtoATest" name="HandlingDropdownZtoA" time="0.002">
    <failure type="java.lang.NullPointerException" message="Cannot invoke &amp;quot;org.openqa.selenium.WebDriver.findElement(org.openqa.selenium.By)&amp;quot; because &amp;quot;this.driver&amp;quot; is null">
      <![CDATA[java.lang.NullPointerException: Cannot invoke "org.openqa.selenium.WebDriver.findElement(org.openqa.selenium.By)" because "this.driver" is null
at GroupSuite.HandlingDropdownZtoATest.HandlingDropdownZtoA(HandlingDropdownZtoATest.java:16)
at java.base/java.util.ArrayList.forEach(ArrayList.java:1596)
... Removed 25 stack frames]]>
    </failure>
  </testcase> <!-- HandlingDropdownZtoA -->
  <testcase classname="GroupSuite.MultipleProductsAddToCartTest" name="MultipleProductsAddToCart" time="0.003">
    <failure type="java.lang.NullPointerException" message="Cannot invoke &amp;quot;org.openqa.selenium.WebDriver.findElement(org.openqa.selenium.By)&amp;quot; because &amp;quot;this.driver&amp;quot; is null">
      <![CDATA[java.lang.NullPointerException: Cannot invoke "org.openqa.selenium.WebDriver.findElement(org.openqa.selenium.By)" because "this.driver" is null
at GroupSuite.MultipleProductsAddToCartTest.MultipleProductsAddToCart(MultipleProductsAddToCartTest.java:14)
at java.base/java.util.ArrayList.forEach(ArrayList.java:1596)
... Removed 25 stack frames]]>
    </failure>
  </testcase> <!-- MultipleProductsAddToCart -->
  <testcase classname="GroupSuite.LockedUserLoginTest" name="LockedUserLogin" time="0.004">
    <failure type="java.lang.NullPointerException" message="Cannot invoke &amp;quot;org.openqa.selenium.WebDriver.findElement(org.openqa.selenium.By)&amp;quot; because &amp;quot;this.driver&amp;quot; is null">
      <![CDATA[java.lang.NullPointerException: Cannot invoke "org.openqa.selenium.WebDriver.findElement(org.openqa.selenium.By)" because "this.driver" is null
at GroupSuite.LockedUserLoginTest.LockedUserLogin(LockedUserLoginTest.java:19)
at java.base/java.util.ArrayList.forEach(ArrayList.java:1596)
... Removed 25 stack frames]]>
    </failure>
  </testcase> <!-- LockedUserLogin -->
</testsuite> <!-- smokeregressiongroupTest -->
