<?xml version="1.0" encoding="UTF-8"?>
<!-- Generated by org.testng.reporters.JUnitXMLReporter -->
<testsuite ignored="8" hostname="LAPTOP-ESV98QB7" failures="0" tests="3" name="RegressionTest" time="11.932" errors="0" timestamp="2026-09-01T11:00:05 IST">
  <testcase classname="Smoke_Regression_Group.HandlingDropDownLowProdTest" name="HandlingDropDownLowProd" time="0.771"/>
  <testcase classname="Smoke_Regression_Group.HandlingDropdownZtoATest" name="HandlingDropdownZtoA" time="0.785"/>
  <testcase classname="Smoke_Regression_Group.MultipleProductsAddToCartTest" name="MultipleProductsAddToCart" time="0.651"/>
  <testcase classname="SuiteBaseTest.BaseClass" name="@BeforeSuite beforeSuite" time="0.0">
    <ignored/>
  </testcase> <!-- @BeforeSuite beforeSuite -->
  <testcase classname="SuiteBaseTest.BaseClass" name="@AfterSuite afterSuite" time="0.0">
    <ignored/>
  </testcase> <!-- @AfterSuite afterSuite -->
  <testcase classname="SuiteBaseTest.BaseClass" name="@BeforeTest beforeTest" time="0.0">
    <ignored/>
  </testcase> <!-- @BeforeTest beforeTest -->
  <testcase classname="SuiteBaseTest.BaseClass" name="@AfterTest afterTest" time="0.0">
    <ignored/>
  </testcase> <!-- @AfterTest afterTest -->
  <testcase classname="SuiteBaseTest.BaseClass" name="@BeforeSuite beforeSuite" time="0.0">
    <ignored/>
  </testcase> <!-- @BeforeSuite beforeSuite -->
  <testcase classname="SuiteBaseTest.BaseClass" name="@AfterTest afterTest" time="0.0">
    <ignored/>
  </testcase> <!-- @AfterTest afterTest -->
  <testcase classname="SuiteBaseTest.BaseClass" name="@BeforeTest beforeTest" time="0.0">
    <ignored/>
  </testcase> <!-- @BeforeTest beforeTest -->
  <testcase classname="SuiteBaseTest.BaseClass" name="@AfterSuite afterSuite" time="0.0">
    <ignored/>
  </testcase> <!-- @AfterSuite afterSuite -->
</testsuite> <!-- RegressionTest -->
