<?xml version="1.0" encoding="UTF-8"?>
<!-- Generated by org.testng.reporters.JUnitXMLReporter -->
<testsuite ignored="13" hostname="LAPTOP-ESV98QB7" failures="4" tests="4" name="Test" time="10.357" errors="0" timestamp="2026-09-09T08:05:23 IST">
  <testcase classname="ListenerUtilityImplementation.HandlingDropdownZtoATest" name="HandlingDropownZtoA" time="0.375">
    <failure type="java.lang.AssertionError" message="expected [Wrong low product] but found [Test.allTheThings() T-Shirt (Red)]">
      <![CDATA[java.lang.AssertionError: expected [Wrong low product] but found [Test.allTheThings() T-Shirt (Red)]
at ListenerUtilityImplementation.HandlingDropdownZtoATest.HandlingDropownZtoA(HandlingDropdownZtoATest.java:28)
at java.base/java.util.ArrayList.forEach(ArrayList.java:1596)
... Removed 31 stack frames]]>
    </failure>
  </testcase> <!-- HandlingDropownZtoA -->
  <testcase classname="ListenerUtilityImplementation.HandlingDropDownLowProd" name="HandlingDropDownLowProd" time="0.405">
    <failure type="java.lang.AssertionError" message="expected [wrong Onesie] but found [Sauce Labs Onesie]">
      <![CDATA[java.lang.AssertionError: expected [wrong Onesie] but found [Sauce Labs Onesie]
at ListenerUtilityImplementation.HandlingDropDownLowProd.HandlingDropDownLowProd(HandlingDropDownLowProd.java:29)
at java.base/java.util.ArrayList.forEach(ArrayList.java:1596)
... Removed 31 stack frames]]>
    </failure>
  </testcase> <!-- HandlingDropDownLowProd -->
  <testcase classname="ListenerUtilityImplementation.MultipleProductsAddToCart" name="MultipleProductsAddToCartTest" time="0.269">
    <failure type="java.lang.AssertionError" message="expected [5] but found [3]">
      <![CDATA[java.lang.AssertionError: expected [5] but found [3]
at ListenerUtilityImplementation.MultipleProductsAddToCart.MultipleProductsAddToCartTest(MultipleProductsAddToCart.java:22)
at java.base/java.util.ArrayList.forEach(ArrayList.java:1596)
... Removed 32 stack frames]]>
    </failure>
  </testcase> <!-- MultipleProductsAddToCartTest -->
  <testcase classname="ListenerUtilityImplementation.AddProdToCartTest" name="AddProdToCart" time="0.152">
    <failure type="java.lang.AssertionError" message="expected [Wrong Product ] but found [Sauce Labs Fleece Jacket]">
      <![CDATA[java.lang.AssertionError: expected [Wrong Product ] but found [Sauce Labs Fleece Jacket]
at ListenerUtilityImplementation.AddProdToCartTest.AddProdToCart(AddProdToCartTest.java:24)
at java.base/java.util.ArrayList.forEach(ArrayList.java:1596)
... Removed 31 stack frames]]>
    </failure>
  </testcase> <!-- AddProdToCart -->
  <testcase classname="ListenerTest.BaseCLass2" name="@BeforeTest beforetest" time="0.0">
    <ignored/>
  </testcase> <!-- @BeforeTest beforetest -->
  <testcase classname="ListenerTest.BaseCLass2" name="@BeforeTest beforetest" time="0.0">
    <ignored/>
  </testcase> <!-- @BeforeTest beforetest -->
  <testcase classname="ListenerTest.BaseCLass2" name="@BeforeSuite beforsuite" time="0.0">
    <ignored/>
  </testcase> <!-- @BeforeSuite beforsuite -->
  <testcase classname="ListenerTest.BaseCLass2" name="@BeforeSuite beforsuite" time="0.0">
    <ignored/>
  </testcase> <!-- @BeforeSuite beforsuite -->
  <testcase classname="ListenerUtilityImplementation.MultipleProductsAddToCart" name="skipptest" time="0.0">
    <ignored/>
  </testcase> <!-- skipptest -->
  <testcase classname="ListenerTest.BaseCLass2" name="@BeforeSuite beforsuite" time="0.0">
    <ignored/>
  </testcase> <!-- @BeforeSuite beforsuite -->
  <testcase classname="ListenerUtilityImplementation.AddProdToCartTest" name="skippedTest" time="0.0">
    <ignored/>
  </testcase> <!-- skippedTest -->
  <testcase classname="ListenerTest.BaseCLass2" name="@BeforeTest beforetest" time="0.0">
    <ignored/>
  </testcase> <!-- @BeforeTest beforetest -->
  <testcase classname="ListenerUtilityImplementation.HandlingDropdownZtoATest" name="skippedTest" time="0.0">
    <ignored/>
  </testcase> <!-- skippedTest -->
  <testcase classname="ListenerUtilityImplementation.HandlingDropDownLowProd" name="skippedTest" time="0.0">
    <ignored/>
  </testcase> <!-- skippedTest -->
  <testcase classname="ListenerTest.BaseCLass2" name="@AfterSuite aftersuite" time="0.0">
    <ignored/>
  </testcase> <!-- @AfterSuite aftersuite -->
  <testcase classname="ListenerTest.BaseCLass2" name="@AfterSuite aftersuite" time="0.0">
    <ignored/>
  </testcase> <!-- @AfterSuite aftersuite -->
  <testcase classname="ListenerTest.BaseCLass2" name="@AfterSuite aftersuite" time="0.0">
    <ignored/>
  </testcase> <!-- @AfterSuite aftersuite -->
</testsuite> <!-- Test -->
