<?xml version="1.0" encoding="UTF-8"?>
<testng-results ignored="0" total="2" passed="2" failed="0" skipped="0">
  <reporter-output>
    <line>
      <![CDATA[DB Open]]>
    </line>
    <line>
      <![CDATA[Precondition Start]]>
    </line>
    <line>
      <![CDATA[Browser Launched and Url done]]>
    </line>
    <line>
      <![CDATA[Login successfully]]>
    </line>
    <line>
      <![CDATA[Logout successfully]]>
    </line>
    <line>
      <![CDATA[Logout SuccessFully]]>
    </line>
    <line>
      <![CDATA[Browser Launched and Url done]]>
    </line>
    <line>
      <![CDATA[Login successfully]]>
    </line>
    <line>
      <![CDATA[Logout successfully]]>
    </line>
    <line>
      <![CDATA[Logout SuccessFully]]>
    </line>
    <line>
      <![CDATA[PostCondition DOne]]>
    </line>
    <line>
      <![CDATA[DB Close]]>
    </line>
  </reporter-output>
  <suite started-at="2026-09-15T05:38:01 IST" name="SmokeSuite" finished-at="2026-09-15T05:38:11 IST" duration-ms="10880">
    <groups>
    </groups>
    <test started-at="2026-09-15T05:38:01 IST" name="SmokeTest" finished-at="2026-09-15T05:38:11 IST" duration-ms="10880">
      <class name="Smoke_Regression_Group_Parellel.AddProdToCartTest">
        <test-method is-config="true" signature="beforeSuite()[pri:0, instance:Smoke_Regression_Group_Parellel.AddProdToCartTest@49438269]" started-at="2026-09-15T05:38:01 IST" name="beforeSuite" finished-at="2026-09-15T05:38:01 IST" duration-ms="12" status="PASS">
          <reporter-output>
            <line>
              <![CDATA[DB Open]]>
            </line>
          </reporter-output>
        </test-method> <!-- beforeSuite -->
        <test-method is-config="true" signature="beforeTest()[pri:0, instance:Smoke_Regression_Group_Parellel.AddProdToCartTest@49438269]" started-at="2026-09-15T05:38:01 IST" name="beforeTest" finished-at="2026-09-15T05:38:01 IST" duration-ms="1" status="PASS">
          <reporter-output>
            <line>
              <![CDATA[Precondition Start]]>
            </line>
          </reporter-output>
        </test-method> <!-- beforeTest -->
        <test-method is-config="true" signature="beforeClass()[pri:0, instance:Smoke_Regression_Group_Parellel.AddProdToCartTest@49438269]" started-at="2026-09-15T05:38:01 IST" name="beforeClass" finished-at="2026-09-15T05:38:03 IST" duration-ms="2058" status="PASS">
          <reporter-output>
            <line>
              <![CDATA[Browser Launched and Url done]]>
            </line>
          </reporter-output>
        </test-method> <!-- beforeClass -->
        <test-method is-config="true" signature="beforeMethod()[pri:0, instance:Smoke_Regression_Group_Parellel.AddProdToCartTest@49438269]" started-at="2026-09-15T05:38:03 IST" name="beforeMethod" finished-at="2026-09-15T05:38:03 IST" duration-ms="444" status="PASS">
          <reporter-output>
            <line>
              <![CDATA[Login successfully]]>
            </line>
          </reporter-output>
        </test-method> <!-- beforeMethod -->
        <test-method signature="AddProdToCart()[pri:0, instance:Smoke_Regression_Group_Parellel.AddProdToCartTest@49438269]" started-at="2026-09-15T05:38:03 IST" name="AddProdToCart" finished-at="2026-09-15T05:38:04 IST" duration-ms="1351" status="PASS">
          <reporter-output>
          </reporter-output>
        </test-method> <!-- AddProdToCart -->
        <test-method is-config="true" signature="afterMethod()[pri:0, instance:Smoke_Regression_Group_Parellel.AddProdToCartTest@49438269]" started-at="2026-09-15T05:38:04 IST" name="afterMethod" finished-at="2026-09-15T05:38:05 IST" duration-ms="920" status="PASS">
          <reporter-output>
            <line>
              <![CDATA[Logout successfully]]>
            </line>
          </reporter-output>
        </test-method> <!-- afterMethod -->
        <test-method is-config="true" signature="afterClass()[pri:0, instance:Smoke_Regression_Group_Parellel.AddProdToCartTest@49438269]" started-at="2026-09-15T05:38:05 IST" name="afterClass" finished-at="2026-09-15T05:38:07 IST" duration-ms="1938" status="PASS">
          <reporter-output>
            <line>
              <![CDATA[Logout SuccessFully]]>
            </line>
          </reporter-output>
        </test-method> <!-- afterClass -->
        <test-method is-config="true" signature="afterTest()[pri:0, instance:Smoke_Regression_Group_Parellel.AddProdToCartTest@49438269]" started-at="2026-09-15T05:38:11 IST" name="afterTest" finished-at="2026-09-15T05:38:11 IST" duration-ms="0" status="PASS">
          <reporter-output>
            <line>
              <![CDATA[PostCondition DOne]]>
            </line>
          </reporter-output>
        </test-method> <!-- afterTest -->
        <test-method is-config="true" signature="afterSuite()[pri:0, instance:Smoke_Regression_Group_Parellel.AddProdToCartTest@49438269]" started-at="2026-09-15T05:38:11 IST" name="afterSuite" finished-at="2026-09-15T05:38:11 IST" duration-ms="0" status="PASS">
          <reporter-output>
            <line>
              <![CDATA[DB Close]]>
            </line>
          </reporter-output>
        </test-method> <!-- afterSuite -->
      </class> <!-- Smoke_Regression_Group_Parellel.AddProdToCartTest -->
      <class name="Smoke_Regression_Group_Parellel.HandlingDropDownLowProdTest">
        <test-method is-config="true" signature="beforeClass()[pri:0, instance:Smoke_Regression_Group_Parellel.HandlingDropDownLowProdTest@5dda768f]" started-at="2026-09-15T05:38:07 IST" name="beforeClass" finished-at="2026-09-15T05:38:09 IST" duration-ms="1753" status="PASS">
          <reporter-output>
            <line>
              <![CDATA[Browser Launched and Url done]]>
            </line>
          </reporter-output>
        </test-method> <!-- beforeClass -->
        <test-method is-config="true" signature="beforeMethod()[pri:0, instance:Smoke_Regression_Group_Parellel.HandlingDropDownLowProdTest@5dda768f]" started-at="2026-09-15T05:38:09 IST" name="beforeMethod" finished-at="2026-09-15T05:38:09 IST" duration-ms="370" status="PASS">
          <reporter-output>
            <line>
              <![CDATA[Login successfully]]>
            </line>
          </reporter-output>
        </test-method> <!-- beforeMethod -->
        <test-method signature="HandlingDropDownLowProd()[pri:0, instance:Smoke_Regression_Group_Parellel.HandlingDropDownLowProdTest@5dda768f]" started-at="2026-09-15T05:38:09 IST" name="HandlingDropDownLowProd" finished-at="2026-09-15T05:38:10 IST" duration-ms="814" status="PASS">
          <reporter-output>
          </reporter-output>
        </test-method> <!-- HandlingDropDownLowProd -->
        <test-method is-config="true" signature="afterMethod()[pri:0, instance:Smoke_Regression_Group_Parellel.HandlingDropDownLowProdTest@5dda768f]" started-at="2026-09-15T05:38:10 IST" name="afterMethod" finished-at="2026-09-15T05:38:11 IST" duration-ms="897" status="PASS">
          <reporter-output>
            <line>
              <![CDATA[Logout successfully]]>
            </line>
          </reporter-output>
        </test-method> <!-- afterMethod -->
        <test-method is-config="true" signature="afterClass()[pri:0, instance:Smoke_Regression_Group_Parellel.HandlingDropDownLowProdTest@5dda768f]" started-at="2026-09-15T05:38:11 IST" name="afterClass" finished-at="2026-09-15T05:38:11 IST" duration-ms="275" status="PASS">
          <reporter-output>
            <line>
              <![CDATA[Logout SuccessFully]]>
            </line>
          </reporter-output>
        </test-method> <!-- afterClass -->
      </class> <!-- Smoke_Regression_Group_Parellel.HandlingDropDownLowProdTest -->
    </test> <!-- SmokeTest -->
  </suite> <!-- SmokeSuite -->
</testng-results>
