<?xml version="1.0" encoding="UTF-8"?>
<!-- Generated by org.testng.reporters.JUnitReportReporter -->
<testsuite hostname="LAPTOP-ESV98QB7" failures="0" tests="1" name="GroupSuite.HandlingDropdownZtoATest" time="2.625" errors="0" timestamp="2026-09-01T12:29:50 IST" skipped="0">
  <testcase classname="GroupSuite.HandlingDropdownZtoATest" name="HandlingDropdownZtoA" time="2.625">
    <system-out>
      <![CDATA[Validation pass:Test.allTheThings() T-Shirt (Red) added successufully]]>
    </system-out>
  </testcase> <!-- HandlingDropdownZtoA -->
  <system-out>
    <![CDATA[DB Open
Precondition Start
Browser Launched and Url done
Login successfully
Logout successfully
Logout SuccessFully
Browser Launched and Url done
Login successfully
Validation Pass :Sauce Labs Onesie added successfully
Logout successfully
Logout SuccessFully
Browser Launched and Url done
Login successfully
Validation pass:Test.allTheThings() T-Shirt (Red) added successufully
Logout successfully
Logout SuccessFully
Browser Launched and Url done
Login successfully
Validation pass:
Logout successfully
Logout SuccessFully
Browser Launched and Url done
Validation pass: getting msg as expected
PostCondition DOne
DB Close]]>
  </system-out>
</testsuite> <!-- GroupSuite.HandlingDropdownZtoATest -->
