<?xml version="1.0" encoding="UTF-8"?>
<!-- Generated by org.testng.reporters.JUnitReportReporter -->
<testsuite hostname="LAPTOP-ESV98QB7" failures="0" tests="1" name="Parameters_CrossBrowserTesting.AddProdToCartTest" time="2.107" errors="0" timestamp="2026-09-05T13:31:12 IST" skipped="0">
  <testcase classname="Parameters_CrossBrowserTesting.AddProdToCartTest" name="AddProdToCart" time="2.107"/>
  <system-out>
    <![CDATA[DB Open
Precondition Start
Browser Launched SuccessFully 
Login successfully
Logout Successfully
Close Browser
Browser Launched SuccessFully 
Login successfully
Lowest Product added Successfully
Logout Successfully
Close Browser
Postcondition Done
Precondition Start
Browser Launched SuccessFully 
Login successfully
Logout Successfully
Close Browser
Browser Launched SuccessFully 
Login successfully
Logout Successfully
Close Browser
Postcondition Done
DB Close]]>
  </system-out>
</testsuite> <!-- Parameters_CrossBrowserTesting.AddProdToCartTest -->
