<?xml version="1.0" encoding="UTF-8"?>
<!-- Generated by org.testng.reporters.JUnitReportReporter -->
<testsuite hostname="LAPTOP-ESV98QB7" failures="0" tests="3" name="TestNgAttribute.dependsonmethodTest" time="0.009" errors="0" timestamp="2026-09-11T06:47:43 IST" skipped="0">
  <testcase classname="TestNgAttribute.dependsonmethodTest" name="deleteAccount" time="0.001">
    <system-out>
      <![CDATA[Account deleted]]>
    </system-out>
  </testcase> <!-- deleteAccount -->
  <testcase classname="TestNgAttribute.dependsonmethodTest" name="createAccount" time="0.007">
    <system-out>
      <![CDATA[Account Created]]>
    </system-out>
  </testcase> <!-- createAccount -->
  <testcase classname="TestNgAttribute.dependsonmethodTest" name="editaccount" time="0.001">
    <system-out>
      <![CDATA[Accont edited]]>
    </system-out>
  </testcase> <!-- editaccount -->
  <system-out>
    <![CDATA[Account Created
Accont edited
Account deleted]]>
  </system-out>
</testsuite> <!-- TestNgAttribute.dependsonmethodTest -->
