<?xml version="1.0" encoding="UTF-8"?>
<!-- Generated by org.testng.reporters.JUnitReportReporter -->
<testsuite hostname="LAPTOP-ESV98QB7" failures="0" tests="1" name="Parameters.HandlingDropDownLowProdTest" time="1.265" errors="0" timestamp="2026-09-04T22:37:07 IST" skipped="0">
  <testcase classname="Parameters.HandlingDropDownLowProdTest" name="HandlingDropDownLowProd" time="1.265">
    <system-out>
      <![CDATA[Lowest Product added Successfully]]>
    </system-out>
  </testcase> <!-- HandlingDropDownLowProd -->
  <system-out>
    <![CDATA[DB Open
Precondition Start
Browser Launched SuccessFully 
Login successfully
Logout Successfully
Close Browser
Browser Launched SuccessFully 
Login successfully
Lowest Product added Successfully
Logout Successfully
Close Browser
Postcondition Done
DB Close]]>
  </system-out>
</testsuite> <!-- Parameters.HandlingDropDownLowProdTest -->
