<?xml version="1.0" encoding="UTF-8"?>
<!-- Generated by org.testng.reporters.JUnitReportReporter -->
<testsuite hostname="LAPTOP-ESV98QB7" failures="0" tests="4" name="TestNgAttribute.ThreadpoolSizeTest" time="18.460" errors="0" timestamp="2026-09-11T06:07:12 IST" skipped="0">
  <testcase classname="TestNgAttribute.ThreadpoolSizeTest" name="ThreadpoolsizeDemo" time="4.390">
    <system-out>
      <![CDATA[Browser Launch by Thread:38]]>
    </system-out>
  </testcase> <!-- ThreadpoolsizeDemo -->
  <testcase classname="TestNgAttribute.ThreadpoolSizeTest" name="ThreadpoolsizeDemo" time="4.407">
    <system-out>
      <![CDATA[Browser Launch by Thread:39]]>
    </system-out>
  </testcase> <!-- ThreadpoolsizeDemo -->
  <testcase classname="TestNgAttribute.ThreadpoolSizeTest" name="ThreadpoolsizeDemo" time="4.824">
    <system-out>
      <![CDATA[Browser Launch by Thread:38]]>
    </system-out>
  </testcase> <!-- ThreadpoolsizeDemo -->
  <testcase classname="TestNgAttribute.ThreadpoolSizeTest" name="ThreadpoolsizeDemo" time="4.839">
    <system-out>
      <![CDATA[Browser Launch by Thread:39]]>
    </system-out>
  </testcase> <!-- ThreadpoolsizeDemo -->
  <system-out>
    <![CDATA[Browser Launch by Thread:39
Browser Launch by Thread:38
Browser Launch by Thread:38
Browser Launch by Thread:39]]>
  </system-out>
</testsuite> <!-- TestNgAttribute.ThreadpoolSizeTest -->
