<?xml version="1.0" encoding="UTF-8"?>
<!-- Generated by org.testng.reporters.JUnitReportReporter -->
<testsuite hostname="LAPTOP-ESV98QB7" failures="0" tests="4" name="TestNgAttribute.EnableTest" time="0.011" errors="0" timestamp="2026-09-11T06:41:23 IST" skipped="1">
  <testcase classname="TestNgAttribute.EnableTest" name="aarav" time="0.008">
    <system-out>
      <![CDATA[Aarav is my younger son]]>
    </system-out>
  </testcase> <!-- aarav -->
  <testcase classname="TestNgAttribute.EnableTest" name="shubhangi" time="0.002">
    <system-out>
      <![CDATA[shubhangi is my beutifull wife]]>
    </system-out>
  </testcase> <!-- shubhangi -->
  <testcase classname="TestNgAttribute.EnableTest" name="yuvansh" time="0.001">
    <system-out>
      <![CDATA[Yuvansh is my son]]>
    </system-out>
  </testcase> <!-- yuvansh -->
  <testcase classname="TestNgAttribute.EnableTest" name="manu">
    <skipped/>
  </testcase> <!-- manu -->
  <system-out>
    <![CDATA[Aarav is my younger son
shubhangi is my beutifull wife
Yuvansh is my son]]>
  </system-out>
</testsuite> <!-- TestNgAttribute.EnableTest -->
