<?xml version="1.0" encoding="UTF-8"?>
<!-- Generated by org.testng.reporters.JUnitReportReporter -->
<testsuite hostname="LAPTOP-ESV98QB7" failures="0" tests="3" name="DataProvider.Program1" time="3.488" errors="0" timestamp="2026-08-29T11:52:28 IST" skipped="0">
  <testcase classname="DataProvider.Program1" name="login" time="1.176">
    <system-out>
      <![CDATA[Login With :Shubhangi=====Shubhangi22]]>
    </system-out>
  </testcase> <!-- login -->
  <testcase classname="DataProvider.Program1" name="login" time="1.130">
    <system-out>
      <![CDATA[Login With :Yuvansh=====Yuvansh15]]>
    </system-out>
  </testcase> <!-- login -->
  <testcase classname="DataProvider.Program1" name="login" time="1.182">
    <system-out>
      <![CDATA[Login With :ChotaBabu=====ChotaBabu]]>
    </system-out>
  </testcase> <!-- login -->
  <system-out>
    <![CDATA[DB Open
Precondition Start
Browser Launched + Url done
Login Successfully
Login With :Shubhangi=====Shubhangi22
Logout Successfully
Login Successfully
Login With :Yuvansh=====Yuvansh15
Logout Successfully
Login Successfully
Login With :ChotaBabu=====ChotaBabu
Logout Successfully
Browser Close
PostCondition DOne
DB Close]]>
  </system-out>
</testsuite> <!-- DataProvider.Program1 -->
