<?xml version="1.0" encoding="UTF-8"?>
<!-- Generated by org.testng.reporters.JUnitReportReporter -->
<testsuite hostname="LAPTOP-ESV98QB7" failures="0" tests="5" name="TestNgAttribute.InvocationCountTest2" time="0.014" errors="0" timestamp="2026-09-11T05:45:29 IST" skipped="0">
  <testcase classname="TestNgAttribute.InvocationCountTest2" name="invocationdemo" time="0.008">
    <system-out>
      <![CDATA[Login done]]>
    </system-out>
  </testcase> <!-- invocationdemo -->
  <testcase classname="TestNgAttribute.InvocationCountTest2" name="invocationdemo" time="0.002">
    <system-out>
      <![CDATA[Login done]]>
    </system-out>
  </testcase> <!-- invocationdemo -->
  <testcase classname="TestNgAttribute.InvocationCountTest2" name="invocationdemo2" time="0.001">
    <system-out>
      <![CDATA[logout done]]>
    </system-out>
  </testcase> <!-- invocationdemo2 -->
  <testcase classname="TestNgAttribute.InvocationCountTest2" name="invocationdemo2" time="0.001">
    <system-out>
      <![CDATA[logout done]]>
    </system-out>
  </testcase> <!-- invocationdemo2 -->
  <testcase classname="TestNgAttribute.InvocationCountTest2" name="invocationdemo2" time="0.002">
    <system-out>
      <![CDATA[logout done]]>
    </system-out>
  </testcase> <!-- invocationdemo2 -->
  <system-out>
    <![CDATA[Login done
Login done
logout done
logout done
logout done]]>
  </system-out>
</testsuite> <!-- TestNgAttribute.InvocationCountTest2 -->
