<?xml version="1.0" encoding="UTF-8"?>
<!-- Generated by org.testng.reporters.JUnitReportReporter -->
<testsuite hostname="LAPTOP-ESV98QB7" failures="0" tests="2" name="ExtentReports.HandlingDropdownZtoATest" time="0.915" errors="0" timestamp="2026-09-10T08:43:46 IST" skipped="1">
  <testcase classname="ExtentReports.HandlingDropdownZtoATest" name="HandlingDropdownZtoA" time="0.592"/>
  <testcase classname="ExtentReports.HandlingDropdownZtoATest" name="skippedtest" time="0.323">
    <skipped/>
  </testcase> <!-- skippedtest -->
  <system-out>
    <![CDATA[Establish DB Connection
Precondition Start
Browser Launched
Login succesfully
Logout succesfully
Login succesfully
Logout succesfully
Browser close 
Browser Launched
Login succesfully
Logout succesfully
Login succesfully
Logout succesfully
Browser close 
Browser Launched
Login succesfully
Logout succesfully
Login succesfully
Logout succesfully
Browser close 
Browser Launched
Login succesfully
Logout succesfully
Login succesfully
Logout succesfully
Browser close 
Precondition Stop]]>
  </system-out>
</testsuite> <!-- ExtentReports.HandlingDropdownZtoATest -->
