<?xml version="1.0" encoding="UTF-8"?>
<!-- Generated by org.testng.reporters.JUnitReportReporter -->
<testsuite hostname="LAPTOP-ESV98QB7" failures="1" tests="2" name="ListenerUtilityImplementation.LockedUserLoginTest" time="0.666" errors="0" timestamp="2026-09-09T07:26:50 IST" skipped="1">
  <testcase classname="ListenerUtilityImplementation.LockedUserLoginTest" name="LockedUserLogin" time="0.666">
    <failure message="Not getting correct msg expected [true] but found [false]" type="java.lang.AssertionError">
      <![CDATA[java.lang.AssertionError: Not getting correct msg expected [true] but found [false]
at org.testng.Assert.fail(Assert.java:111)
at org.testng.Assert.failNotEquals(Assert.java:1590)
at org.testng.Assert.assertTrue(Assert.java:57)
at ListenerUtilityImplementation.LockedUserLoginTest.LockedUserLogin(LockedUserLoginTest.java:20)
at java.base/jdk.internal.reflect.DirectMethodHandleAccessor.invoke(DirectMethodHandleAccessor.java:103)
at java.base/java.lang.reflect.Method.invoke(Method.java:580)
at org.testng.internal.invokers.MethodInvocationHelper.invokeMethod(MethodInvocationHelper.java:141)
at org.testng.internal.invokers.TestInvoker.invokeMethod(TestInvoker.java:687)
at org.testng.internal.invokers.TestInvoker.invokeTestMethod(TestInvoker.java:230)
at org.testng.internal.invokers.MethodRunner.runInSequence(MethodRunner.java:63)
at org.testng.internal.invokers.TestInvoker$MethodInvocationAgent.invoke(TestInvoker.java:995)
at org.testng.internal.invokers.TestInvoker.invokeTestMethods(TestInvoker.java:203)
at org.testng.internal.invokers.TestMethodWorker.invokeTestMethods(TestMethodWorker.java:154)
at org.testng.internal.invokers.TestMethodWorker.run(TestMethodWorker.java:134)
at java.base/java.util.ArrayList.forEach(ArrayList.java:1596)
at org.testng.TestRunner.privateRun(TestRunner.java:741)
at org.testng.TestRunner.run(TestRunner.java:616)
at org.testng.SuiteRunner.runTest(SuiteRunner.java:421)
at org.testng.SuiteRunner.runSequentially(SuiteRunner.java:413)
at org.testng.SuiteRunner.privateRun(SuiteRunner.java:373)
at org.testng.SuiteRunner.run(SuiteRunner.java:312)
at org.testng.SuiteRunnerWorker.runSuite(SuiteRunnerWorker.java:52)
at org.testng.SuiteRunnerWorker.run(SuiteRunnerWorker.java:95)
at org.testng.TestNG.runSuitesSequentially(TestNG.java:1274)
at org.testng.TestNG.runSuitesLocally(TestNG.java:1208)
at org.testng.TestNG.runSuites(TestNG.java:1112)
at org.testng.TestNG.run(TestNG.java:1079)
at org.testng.remote.AbstractRemoteTestNG.run(AbstractRemoteTestNG.java:115)
at org.testng.remote.RemoteTestNG.initAndRun(RemoteTestNG.java:293)
at org.testng.remote.RemoteTestNG.main(RemoteTestNG.java:91)
]]>
    </failure>
    <system-out>
      <![CDATA[=====LockedUserLogin Started =====
ScreenShot save at:C:\Users\RAJESH\eclipse-workspace\AdvanceSelenium_Practice\.\ScreenShot\LockedUserLogin_20260909_072650.png]]>
    </system-out>
  </testcase> <!-- LockedUserLogin -->
  <testcase classname="ListenerUtilityImplementation.LockedUserLoginTest" name="skipptest">
    <skipped/>
  </testcase> <!-- skipptest -->
  <system-out>
    <![CDATA[DB open
Test Excecution Started
Total Tests:1
Precondition Start
Launched Browser and Url done
Login step dummy
=====LockedUserLogin Started =====
ScreenShot save at:C:\Users\RAJESH\eclipse-workspace\AdvanceSelenium_Practice\.\ScreenShot\LockedUserLogin_20260909_072650.png
Logout step dummy
Browser close Successfully]]>
  </system-out>
</testsuite> <!-- ListenerUtilityImplementation.LockedUserLoginTest -->
