<?xml version="1.0" encoding="UTF-8"?>
<!-- Generated by org.testng.reporters.JUnitReportReporter -->
<testsuite hostname="LAPTOP-ESV98QB7" failures="1" tests="2" name="ListenerUtilityImplementation.MultipleProductsAddToCart" time="0.996" errors="0" timestamp="2026-09-09T08:05:23 IST" skipped="1">
  <testcase classname="ListenerUtilityImplementation.MultipleProductsAddToCart" name="MultipleProductsAddToCartTest" time="0.996">
    <failure message="expected [5] but found [3]" type="java.lang.AssertionError">
      <![CDATA[java.lang.AssertionError: expected [5] but found [3]
at org.testng.Assert.fail(Assert.java:111)
at org.testng.Assert.failNotEquals(Assert.java:1590)
at org.testng.Assert.assertEqualsImpl(Assert.java:150)
at org.testng.Assert.assertEquals(Assert.java:132)
at org.testng.Assert.assertEquals(Assert.java:1431)
at org.testng.Assert.assertEquals(Assert.java:1395)
at org.testng.Assert.assertEquals(Assert.java:1441)
at ListenerUtilityImplementation.MultipleProductsAddToCart.MultipleProductsAddToCartTest(MultipleProductsAddToCart.java:22)
at java.base/jdk.internal.reflect.DirectMethodHandleAccessor.invoke(DirectMethodHandleAccessor.java:103)
at java.base/java.lang.reflect.Method.invoke(Method.java:580)
at org.testng.internal.invokers.MethodInvocationHelper.invokeMethod(MethodInvocationHelper.java:141)
at org.testng.internal.invokers.TestInvoker.invokeMethod(TestInvoker.java:687)
at org.testng.internal.invokers.TestInvoker.invokeTestMethod(TestInvoker.java:230)
at org.testng.internal.invokers.MethodRunner.runInSequence(MethodRunner.java:63)
at org.testng.internal.invokers.TestInvoker$MethodInvocationAgent.invoke(TestInvoker.java:995)
at org.testng.internal.invokers.TestInvoker.invokeTestMethods(TestInvoker.java:203)
at org.testng.internal.invokers.TestMethodWorker.invokeTestMethods(TestMethodWorker.java:154)
at org.testng.internal.invokers.TestMethodWorker.run(TestMethodWorker.java:134)
at java.base/java.util.ArrayList.forEach(ArrayList.java:1596)
at org.testng.TestRunner.privateRun(TestRunner.java:741)
at org.testng.TestRunner.run(TestRunner.java:616)
at org.testng.SuiteRunner.runTest(SuiteRunner.java:421)
at org.testng.SuiteRunner.runSequentially(SuiteRunner.java:413)
at org.testng.SuiteRunner.privateRun(SuiteRunner.java:373)
at org.testng.SuiteRunner.run(SuiteRunner.java:312)
at org.testng.SuiteRunnerWorker.runSuite(SuiteRunnerWorker.java:52)
at org.testng.SuiteRunnerWorker.run(SuiteRunnerWorker.java:95)
at org.testng.TestNG.runSuitesSequentially(TestNG.java:1274)
at org.testng.TestNG.runSuitesLocally(TestNG.java:1208)
at org.testng.TestNG.runSuites(TestNG.java:1112)
at org.testng.TestNG.run(TestNG.java:1079)
at org.testng.remote.AbstractRemoteTestNG.run(AbstractRemoteTestNG.java:115)
at org.testng.remote.RemoteTestNG.initAndRun(RemoteTestNG.java:293)
at org.testng.remote.RemoteTestNG.main(RemoteTestNG.java:91)
]]>
    </failure>
    <system-out>
      <![CDATA[====MultipleProductsAddToCartTest Started ====
====MultipleProductsAddToCartTest Failure ====
ScreenShot save at:C:\Users\RAJESH\eclipse-workspace\AdvanceSelenium_Practice\.\ScreenShot\MultipleProductsAddToCartTest_20260909_080520.png]]>
    </system-out>
  </testcase> <!-- MultipleProductsAddToCartTest -->
  <testcase classname="ListenerUtilityImplementation.MultipleProductsAddToCart" name="skipptest">
    <skipped/>
  </testcase> <!-- skipptest -->
  <system-out>
    <![CDATA[Establish DB Connection
Test excecution Started
Total Test:4
Precondition Start
Browser Launched
Login succesfully
====HandlingDropownZtoA Started ====
====HandlingDropownZtoA Failure ====
ScreenShot save at:C:\Users\RAJESH\eclipse-workspace\AdvanceSelenium_Practice\.\ScreenShot\HandlingDropownZtoA_20260909_080515.png
Logout succesfully
Browser close 
Browser Launched
Login succesfully
====HandlingDropDownLowProd Started ====
====HandlingDropDownLowProd Failure ====
ScreenShot save at:C:\Users\RAJESH\eclipse-workspace\AdvanceSelenium_Practice\.\ScreenShot\HandlingDropDownLowProd_20260909_080518.png
Logout succesfully
Browser close 
Browser Launched
Login succesfully
====MultipleProductsAddToCartTest Started ====
====MultipleProductsAddToCartTest Failure ====
ScreenShot save at:C:\Users\RAJESH\eclipse-workspace\AdvanceSelenium_Practice\.\ScreenShot\MultipleProductsAddToCartTest_20260909_080520.png
Logout succesfully
Browser close 
Browser Launched
Login succesfully
====AddProdToCart Started ====
====AddProdToCart Failure ====
ScreenShot save at:C:\Users\RAJESH\eclipse-workspace\AdvanceSelenium_Practice\.\ScreenShot\AddProdToCart_20260909_080522.png
Logout succesfully
Browser close 
Test Excecution Finish
Pass Test:0
Failed Test:[ResultMap map=[[TestResult name=HandlingDropownZtoA status=FAILURE method=HandlingDropdownZtoATest.HandlingDropownZtoA()[pri:0, instance:ListenerUtilityImplementation.HandlingDropdownZtoATest@26794848] output=====HandlingDropownZtoA Started ====], [TestResult name=HandlingDropDownLowProd status=FAILURE method=HandlingDropDownLowProd.HandlingDropDownLowProd()[pri:0, instance:ListenerUtilityImplementation.HandlingDropDownLowProd@49438269] output=====HandlingDropDownLowProd Started ====], [TestResult name=MultipleProductsAddToCartTest status=FAILURE method=MultipleProductsAddToCart.MultipleProductsAddToCartTest()[pri:0, instance:ListenerUtilityImplementation.MultipleProductsAddToCart@ba2f4ec] output=====MultipleProductsAddToCartTest Started ====], [TestResult name=AddProdToCart status=FAILURE method=AddProdToCartTest.AddProdToCart()[pri:0, instance:ListenerUtilityImplementation.AddProdToCartTest@1c1bbc4e] output=====AddProdToCart Started ====]]]
Skipped Test[ResultMap map=[]]
Precondition Stop]]>
  </system-out>
</testsuite> <!-- ListenerUtilityImplementation.MultipleProductsAddToCart -->
