<?xml version="1.0" encoding="UTF-8"?>
<!-- Generated by org.testng.reporters.JUnitReportReporter -->
<testsuite hostname="LAPTOP-ESV98QB7" failures="0" tests="1" name="GroupSuite.HandlingDropDownLowProdTest" time="2.187" errors="0" timestamp="2026-09-01T12:29:49 IST" skipped="0">
  <testcase classname="GroupSuite.HandlingDropDownLowProdTest" name="HandlingDropDownLowProd" time="2.187">
    <system-out>
      <![CDATA[Validation Pass :Sauce Labs Onesie added successfully]]>
    </system-out>
  </testcase> <!-- HandlingDropDownLowProd -->
  <system-out>
    <![CDATA[DB Open
Precondition Start
Browser Launched and Url done
Login successfully
Logout successfully
Logout SuccessFully
Browser Launched and Url done
Login successfully
Validation Pass :Sauce Labs Onesie added successfully
Logout successfully
Logout SuccessFully
Browser Launched and Url done
Login successfully
Validation pass:Test.allTheThings() T-Shirt (Red) added successufully
Logout successfully
Logout SuccessFully
Browser Launched and Url done
Login successfully
Validation pass:
Logout successfully
Logout SuccessFully
Browser Launched and Url done
Validation pass: getting msg as expected
PostCondition DOne
DB Close]]>
  </system-out>
</testsuite> <!-- GroupSuite.HandlingDropDownLowProdTest -->
