<?xml version="1.0" encoding="UTF-8"?>
<!-- Generated by org.testng.reporters.JUnitReportReporter -->
<testsuite hostname="LAPTOP-ESV98QB7" failures="0" tests="1" name="BaseTestDriver.HandlingDropdownZtoATest" time="3.115" errors="0" timestamp="2026-08-29T07:21:22 IST" skipped="0">
  <testcase classname="BaseTestDriver.HandlingDropdownZtoATest" name="HandlingDropdownZtoA" time="3.115"/>
  <system-out>
    <![CDATA[DB Open
Precondition Start
Browser Launched + Url done
Login Successfully
Logout Successfully
Browser Close
PostCondition DOne
DB Close]]>
  </system-out>
</testsuite> <!-- BaseTestDriver.HandlingDropdownZtoATest -->
