<?xml version="1.0" encoding="UTF-8"?>
<!-- Generated by org.testng.reporters.JUnitReportReporter -->
<testsuite hostname="LAPTOP-ESV98QB7" failures="0" tests="1" name="Smoke_Regression_Group_Parellel.AddProdToCartTest" time="2.715" errors="0" timestamp="2026-09-15T05:38:12 IST" skipped="0">
  <testcase classname="Smoke_Regression_Group_Parellel.AddProdToCartTest" name="AddProdToCart" time="2.715"/>
  <system-out>
    <![CDATA[DB Open
Precondition Start
Browser Launched and Url done
Login successfully
Logout successfully
Logout SuccessFully
Browser Launched and Url done
Login successfully
Logout successfully
Logout SuccessFully
PostCondition DOne
DB Close]]>
  </system-out>
</testsuite> <!-- Smoke_Regression_Group_Parellel.AddProdToCartTest -->
