<?xml version="1.0" encoding="UTF-8"?>
<!-- Generated by org.testng.reporters.JUnitReportReporter -->
<testsuite hostname="LAPTOP-ESV98QB7" failures="0" tests="1" name="BaseTestDriver.AddProdToCartTest" time="2.921" errors="0" timestamp="2026-08-27T11:42:08 IST" skipped="0">
  <testcase classname="BaseTestDriver.AddProdToCartTest" name="AddProdToCart" time="2.921"/>
  <system-out>
    <![CDATA[DB Open
Precondition Start
Browser Launched + Url done
Login Successfully
Logout Successfully
Browser Close
PostCondition DOne
DB Close]]>
  </system-out>
</testsuite> <!-- BaseTestDriver.AddProdToCartTest -->
