<?xml version="1.0" encoding="UTF-8"?>
<!-- Generated by org.testng.reporters.JUnitReportReporter -->
<testsuite hostname="LAPTOP-ESV98QB7" failures="0" tests="1" name="PomDriver.LoginPageTest" time="0.859" errors="0" timestamp="2026-09-06T18:26:55 IST" skipped="0">
  <testcase classname="PomDriver.LoginPageTest" name="LoginDemo" time="0.859">
    <system-out>
      <![CDATA[Login successfull]]>
    </system-out>
  </testcase> <!-- LoginDemo -->
  <system-out>
    <![CDATA[Browser Laounched successfully
Login successfull
Logout successfull
Browser close successfully]]>
  </system-out>
</testsuite> <!-- PomDriver.LoginPageTest -->
