<?xml version="1.0" encoding="UTF-8"?>
<!-- Generated by org.testng.reporters.JUnitReportReporter -->
<testsuite hostname="LAPTOP-ESV98QB7" failures="1" tests="2" name="ExtentReports.AddProdToCartTest" time="1.315" errors="0" timestamp="2026-09-10T08:43:46 IST" skipped="1">
  <testcase classname="ExtentReports.AddProdToCartTest" name="AddProdToCart" time="0.937">
    <failure message="expected [Wrong Product ] but found [Sauce Labs Fleece Jacket]" type="java.lang.AssertionError">
      <![CDATA[java.lang.AssertionError: expected [Wrong Product ] but found [Sauce Labs Fleece Jacket]
at org.testng.Assert.fail(Assert.java:111)
at org.testng.Assert.failNotEquals(Assert.java:1590)
at org.testng.Assert.assertEqualsImpl(Assert.java:150)
at org.testng.Assert.assertEquals(Assert.java:132)
at org.testng.Assert.assertEquals(Assert.java:656)
at org.testng.Assert.assertEquals(Assert.java:666)
at ExtentReports.AddProdToCartTest.AddProdToCart(AddProdToCartTest.java:24)
at java.base/jdk.internal.reflect.DirectMethodHandleAccessor.invoke(DirectMethodHandleAccessor.java:103)
at java.base/java.lang.reflect.Method.invoke(Method.java:580)
at org.testng.internal.invokers.MethodInvocationHelper.invokeMethod(MethodInvocationHelper.java:141)
at org.testng.internal.invokers.TestInvoker.invokeMethod(TestInvoker.java:687)
at org.testng.internal.invokers.TestInvoker.invokeTestMethod(TestInvoker.java:230)
at org.testng.internal.invokers.MethodRunner.runInSequence(MethodRunner.java:63)
at org.testng.internal.invokers.TestInvoker$MethodInvocationAgent.invoke(TestInvoker.java:995)
at org.testng.internal.invokers.TestInvoker.invokeTestMethods(TestInvoker.java:203)
at org.testng.internal.invokers.TestMethodWorker.invokeTestMethods(TestMethodWorker.java:154)
at org.testng.internal.invokers.TestMethodWorker.run(TestMethodWorker.java:134)
at java.base/java.util.ArrayList.forEach(ArrayList.java:1596)
at org.testng.TestRunner.privateRun(TestRunner.java:741)
at org.testng.TestRunner.run(TestRunner.java:616)
at org.testng.SuiteRunner.runTest(SuiteRunner.java:421)
at org.testng.SuiteRunner.runSequentially(SuiteRunner.java:413)
at org.testng.SuiteRunner.privateRun(SuiteRunner.java:373)
at org.testng.SuiteRunner.run(SuiteRunner.java:312)
at org.testng.SuiteRunnerWorker.runSuite(SuiteRunnerWorker.java:52)
at org.testng.SuiteRunnerWorker.run(SuiteRunnerWorker.java:95)
at org.testng.TestNG.runSuitesSequentially(TestNG.java:1274)
at org.testng.TestNG.runSuitesLocally(TestNG.java:1208)
at org.testng.TestNG.runSuites(TestNG.java:1112)
at org.testng.TestNG.run(TestNG.java:1079)
at org.testng.remote.AbstractRemoteTestNG.run(AbstractRemoteTestNG.java:115)
at org.testng.remote.RemoteTestNG.initAndRun(RemoteTestNG.java:293)
at org.testng.remote.RemoteTestNG.main(RemoteTestNG.java:91)
]]>
    </failure>
  </testcase> <!-- AddProdToCart -->
  <testcase classname="ExtentReports.AddProdToCartTest" name="skippedtest" time="0.378">
    <skipped/>
  </testcase> <!-- skippedtest -->
  <system-out>
    <![CDATA[Establish DB Connection
Precondition Start
Browser Launched
Login succesfully
Logout succesfully
Login succesfully
Logout succesfully
Browser close 
Browser Launched
Login succesfully
Logout succesfully
Login succesfully
Logout succesfully
Browser close 
Browser Launched
Login succesfully
Logout succesfully
Login succesfully
Logout succesfully
Browser close 
Browser Launched
Login succesfully
Logout succesfully
Login succesfully
Logout succesfully
Browser close 
Precondition Stop]]>
  </system-out>
</testsuite> <!-- ExtentReports.AddProdToCartTest -->
