<?xml version="1.0" encoding="UTF-8"?>
<!-- Generated by org.testng.reporters.JUnitReportReporter -->
<testsuite hostname="LAPTOP-ESV98QB7" failures="0" tests="7" name="TestNgAttribute.PriorityTest" time="0.012" errors="0" timestamp="2026-09-11T05:23:07 IST" skipped="0">
  <testcase classname="TestNgAttribute.PriorityTest" name="bigbasket" time="0.008">
    <system-out>
      <![CDATA[bigbasket excecuted]]>
    </system-out>
  </testcase> <!-- bigbasket -->
  <testcase classname="TestNgAttribute.PriorityTest" name="flipcart" time="0.001">
    <system-out>
      <![CDATA[flipcart excecuted]]>
    </system-out>
  </testcase> <!-- flipcart -->
  <testcase classname="TestNgAttribute.PriorityTest" name="amazon" time="0.001">
    <system-out>
      <![CDATA[Amazon Excecuted]]>
    </system-out>
  </testcase> <!-- amazon -->
  <testcase classname="TestNgAttribute.PriorityTest" name="cricbuzz" time="0.001">
    <system-out>
      <![CDATA[cricbuzz Excecuted]]>
    </system-out>
  </testcase> <!-- cricbuzz -->
  <testcase classname="TestNgAttribute.PriorityTest" name="zepto" time="0.000">
    <system-out>
      <![CDATA[zepto excecuted]]>
    </system-out>
  </testcase> <!-- zepto -->
  <testcase classname="TestNgAttribute.PriorityTest" name="zomato" time="0.000">
    <system-out>
      <![CDATA[zomato excecuted]]>
    </system-out>
  </testcase> <!-- zomato -->
  <testcase classname="TestNgAttribute.PriorityTest" name="Relience" time="0.001">
    <system-out>
      <![CDATA[Relience Excecuted]]>
    </system-out>
  </testcase> <!-- Relience -->
  <system-out>
    <![CDATA[bigbasket excecuted
flipcart excecuted
Amazon Excecuted
cricbuzz Excecuted
zepto excecuted
zomato excecuted
Relience Excecuted]]>
  </system-out>
</testsuite> <!-- TestNgAttribute.PriorityTest -->
