<?xml version="1.0" encoding="UTF-8"?>
<!-- Generated by org.testng.reporters.JUnitReportReporter -->
<testsuite hostname="LAPTOP-ESV98QB7" failures="0" tests="1" name="PomDriver.AddProdToCartTest" time="1.176" errors="0" timestamp="2026-09-06T18:36:55 IST" skipped="0">
  <testcase classname="PomDriver.AddProdToCartTest" name="AddProdToCartDemo" time="1.176">
    <system-out>
      <![CDATA[Login successFull
Product Added Successfully]]>
    </system-out>
  </testcase> <!-- AddProdToCartDemo -->
  <system-out>
    <![CDATA[Browser Laounched successfully
Login successFull
Product Added Successfully
Logout successfull
Browser close successfully]]>
  </system-out>
</testsuite> <!-- PomDriver.AddProdToCartTest -->
