<?xml version="1.0" encoding="UTF-8"?>
<!-- Generated by org.testng.reporters.JUnitReportReporter -->
<testsuite hostname="LAPTOP-ESV98QB7" failures="0" tests="1" name="PomDriver.HandlingDropdownZtoAProdTest" time="1.300" errors="0" timestamp="2026-09-06T19:00:37 IST" skipped="0">
  <testcase classname="PomDriver.HandlingDropdownZtoAProdTest" name="HandlingDropdownZtoAProd" time="1.300">
    <system-out>
      <![CDATA[Login successfull
Z to A Prod Added SuccessFully]]>
    </system-out>
  </testcase> <!-- HandlingDropdownZtoAProd -->
  <system-out>
    <![CDATA[Browser Laounched successfully
Login successfull
Z to A Prod Added SuccessFully
Logout successfull
Browser close successfully]]>
  </system-out>
</testsuite> <!-- PomDriver.HandlingDropdownZtoAProdTest -->
