<?xml version="1.0" encoding="UTF-8"?>
<!-- Generated by org.testng.reporters.JUnitReportReporter -->
<testsuite hostname="LAPTOP-ESV98QB7" failures="0" tests="4" name="TestNgAttribute.InvocationCountTest1" time="6.130" errors="0" timestamp="2026-09-11T05:38:02 IST" skipped="0">
  <testcase classname="TestNgAttribute.InvocationCountTest1" name="invocationDemo" time="1.231">
    <system-out>
      <![CDATA[Browser launched]]>
    </system-out>
  </testcase> <!-- invocationDemo -->
  <testcase classname="TestNgAttribute.InvocationCountTest1" name="invocationDemo" time="1.429">
    <system-out>
      <![CDATA[Browser launched]]>
    </system-out>
  </testcase> <!-- invocationDemo -->
  <testcase classname="TestNgAttribute.InvocationCountTest1" name="invocationDemo" time="1.432">
    <system-out>
      <![CDATA[Browser launched]]>
    </system-out>
  </testcase> <!-- invocationDemo -->
  <testcase classname="TestNgAttribute.InvocationCountTest1" name="invocationDemo" time="2.038">
    <system-out>
      <![CDATA[Browser launched]]>
    </system-out>
  </testcase> <!-- invocationDemo -->
  <system-out>
    <![CDATA[Browser launched
Browser launched
Browser launched
Browser launched]]>
  </system-out>
</testsuite> <!-- TestNgAttribute.InvocationCountTest1 -->
