<?xml version="1.0" encoding="UTF-8"?>
<!-- Generated by org.testng.reporters.JUnitReportReporter -->
<testsuite hostname="LAPTOP-ESV98QB7" failures="0" tests="1" name="PomDriver.LockedUserTest" time="21.630" errors="0" timestamp="2026-09-06T19:22:17 IST" skipped="0">
  <testcase classname="PomDriver.LockedUserTest" name="LockeduseDemo" time="21.630">
    <system-out>
      <![CDATA[Getting user has been loacked ]]>
    </system-out>
  </testcase> <!-- LockeduseDemo -->
  <system-out>
    <![CDATA[Browser Laounched successfully
Getting user has been loacked 
Logout Skipped:Expected condition failed: waiting for element found by By.id: react-burger-menu-btn to be clickable, but the element was not found: org.openqa.selenium.NoSuchElementException: no such element: Unable to locate element: {"method":"css selector","selector":"#react\-burger\-menu\-btn"}.
(tried for 20 seconds with 500 milliseconds interval)
Build info: version: '4.43.0', revision: 'dd0f534'
System info: os.name: 'Windows 11', os.arch: 'amd64', os.version: '10.0', java.version: '21.0.7'
Driver info: org.openqa.selenium.edge.EdgeDriver
Capabilities {acceptInsecureCerts: false, browserName: MicrosoftEdge, browserVersion: 152.0.4191.62, fedcm:accounts: true, goog:processID: 159764, ms:edgeOptions: {debuggerAddress: localhost:55982}, msedge: {msedgedriverVersion: 152.0.4191.66 (cc2931e6363a..., userDataDir: C:\Users\RAJESH\AppData\Loc...}, networkConnectionEnabled: false, pageLoadStrategy: normal, platformName: windows, proxy: Proxy(), se:cdp: ws://localhost:55982/devtoo..., se:cdpVersion: 152.0.4191.62, setWindowRect: true, strictFileInteractability: false, timeouts: {implicit: 0, pageLoad: 300000, script: 30000}, unhandledPromptBehavior: dismiss and notify, webauthn:extension:credBlob: true, webauthn:extension:largeBlob: true, webauthn:extension:minPinLength: true, webauthn:extension:prf: true, webauthn:virtualAuthenticators: true}
Session ID: bf46006255179d29248ab5adc3088c62
Browser close successfully]]>
  </system-out>
</testsuite> <!-- PomDriver.LockedUserTest -->
