<?xml version="1.0" encoding="UTF-8"?>
<!-- Generated by org.testng.reporters.JUnitReportReporter -->
<testsuite hostname="LAPTOP-ESV98QB7" failures="0" tests="1" name="BaseTestDriver.MultipleProductsAddToCartTest" time="2.108" errors="0" timestamp="2026-08-29T07:42:33 IST" skipped="0">
  <testcase classname="BaseTestDriver.MultipleProductsAddToCartTest" name="MultipleProductsAddToCart" time="2.108"/>
  <system-out>
    <![CDATA[DB Open
Precondition Start
Browser Launched + Url done
Login Successfully
Logout Successfully
Browser Close
PostCondition DOne
DB Close]]>
  </system-out>
</testsuite> <!-- BaseTestDriver.MultipleProductsAddToCartTest -->
