<?xml version="1.0" encoding="UTF-8"?>
<!-- Generated by org.testng.reporters.JUnitReportReporter -->
<testsuite hostname="LAPTOP-ESV98QB7" failures="0" tests="1" name="PomDriver.HandlingDropdownLowProdTest" time="1.055" errors="0" timestamp="2026-09-06T18:46:45 IST" skipped="0">
  <testcase classname="PomDriver.HandlingDropdownLowProdTest" name="HandlingDropdownLowProdDemo" time="1.055">
    <system-out>
      <![CDATA[Login successfull
Lowest Prod Added SuccessFully]]>
    </system-out>
  </testcase> <!-- HandlingDropdownLowProdDemo -->
  <system-out>
    <![CDATA[Browser Laounched successfully
Login successfull
Lowest Prod Added SuccessFully
Logout successfull
Browser close successfully]]>
  </system-out>
</testsuite> <!-- PomDriver.HandlingDropdownLowProdTest -->
