<?xml version="1.0" encoding="UTF-8"?>
<!-- Generated by org.testng.reporters.JUnitReportReporter -->
<testsuite hostname="LAPTOP-ESV98QB7" failures="0" tests="1" name="PomDriver.MultipleProdAddToCartTest" time="1.159" errors="0" timestamp="2026-09-06T19:11:37 IST" skipped="0">
  <testcase classname="PomDriver.MultipleProdAddToCartTest" name="MultipleProdAddToCartDemo" time="1.159">
    <system-out>
      <![CDATA[Login Successfully
Cart count is:3]]>
    </system-out>
  </testcase> <!-- MultipleProdAddToCartDemo -->
  <system-out>
    <![CDATA[Browser Laounched successfully
Login Successfully
Cart count is:3
Logout successfull
Browser close successfully]]>
  </system-out>
</testsuite> <!-- PomDriver.MultipleProdAddToCartTest -->
